{"level":"error","message":"Failed to start server: Failed to connect to database","service":"notification-service","stack":"Error: Failed to connect to database\n    at startServer (C:\\Users\\91809\\OneDrive\\Desktop\\STPI\\CO2 pluss\\backend\\notification-service\\src\\server.js:56:13)\n    at process.processTicksAndRejections (node:internal/process/task_queues:105:5)","timestamp":"2025-12-23 16:11:42"}
{"level":"info","message":"\n        ================================\n        🚀 Notification Service Started\n        ================================\n        Service: notification-service\n        Port: 5001\n        Environment: development\n        Database: localhost:5432/gocarbonpositive\n        ================================\n      ","service":"notification-service","timestamp":"2025-12-23 16:12:35"}
{"level":"info","message":"Processing event: user.signup","service":"notification-service","timestamp":"2025-12-23 16:46:01","user":"test@example.com"}
{"level":"info","message":"Signup notification created for user: test@example.com","service":"notification-service","timestamp":"2025-12-23 16:46:02"}
{"level":"info","message":"Processing event: user.email.verified","service":"notification-service","timestamp":"2025-12-23 16:47:32","user":"test@example.com"}
{"level":"info","message":"Email verified for user: test@example.com","service":"notification-service","timestamp":"2025-12-23 16:47:32"}
{"level":"info","message":"\n        ================================\n        🚀 Notification Service Started\n        ================================\n        Service: notification-service\n        Port: 5001\n        Environment: development\n        Database: localhost:5432/gocarbonpositive\n        ================================\n      ","service":"notification-service","timestamp":"2025-12-24 10:48:46"}
{"level":"info","message":"Processing event: user.login","service":"notification-service","timestamp":"2025-12-24 10:50:46","user":"admin1@gocarbonpositive.com"}
{"level":"info","message":"Login notification created for user: admin1@gocarbonpositive.com","service":"notification-service","timestamp":"2025-12-24 10:50:46"}
{"level":"info","message":"\n        ================================\n        🚀 Notification Service Started\n        ================================\n        Service: notification-service\n        Port: 5001\n        Environment: development\n        Database: localhost:5432/gocarbonpositive\n        ================================\n      ","service":"notification-service","timestamp":"2025-12-24 11:07:06"}
{"level":"info","message":"\n        ================================\n        🚀 Notification Service Started\n        ================================\n        Service: notification-service\n        Port: 5001\n        Environment: development\n        Database: localhost:5432/gocarbonpositive\n        ================================\n      ","service":"notification-service","timestamp":"2025-12-24 11:10:03"}
{"level":"info","message":"\n        ================================\n        🚀 Notification Service Started\n        ================================\n        Service: notification-service\n        Port: 5001\n        Environment: development\n        Database: localhost:5432/gocarbonpositive\n        ================================\n      ","service":"notification-service","timestamp":"2025-12-24 11:10:06"}
{"level":"info","message":"\n        ================================\n        🚀 Notification Service Started\n        ================================\n        Service: notification-service\n        Port: 5001\n        Environment: development\n        Database: localhost:5432/gocarbonpositive\n        ================================\n      ","service":"notification-service","timestamp":"2025-12-24 11:10:10"}
{"level":"info","message":"\n        ================================\n        🚀 Notification Service Started\n        ================================\n        Service: notification-service\n        Port: 5001\n        Environment: development\n        Database: localhost:5432/gocarbonpositive\n        ================================\n      ","service":"notification-service","timestamp":"2025-12-24 11:24:14"}
{"level":"info","message":"Processing event: user.signup","service":"notification-service","timestamp":"2025-12-24 11:27:25","user":"nilu2003@gmail.com"}
{"level":"info","message":"Signup notification created for user: nilu2003@gmail.com","service":"notification-service","timestamp":"2025-12-24 11:27:25"}
{"level":"info","message":"Processing event: user.email.verified","service":"notification-service","timestamp":"2025-12-24 11:27:48","user":"nilu2003@gmail.com"}
{"level":"info","message":"Email verified for user: nilu2003@gmail.com","service":"notification-service","timestamp":"2025-12-24 11:27:48"}
{"level":"info","message":"\n        ================================\n        🚀 Notification Service Started\n        ================================\n        Service: notification-service\n        Port: 5001\n        Environment: development\n        Database: localhost:5432/gocarbonpositive\n        CORS: Enabled for http://localhost:5174\n        ================================\n      ","service":"notification-service","timestamp":"2025-12-24 11:36:33"}
{"level":"info","message":"\n        ================================\n        🚀 Notification Service Started\n        ================================\n        Service: notification-service\n        Port: 5001\n        Environment: development\n        Database: localhost:5432/gocarbonpositive\n        CORS: Enabled for http://localhost:5174\n        ================================\n      ","service":"notification-service","timestamp":"2025-12-24 11:37:06"}
{"level":"info","message":"Processing event: user.signup","service":"notification-service","timestamp":"2025-12-24 12:33:02","user":"johndoe@example.com"}
{"level":"info","message":"Signup notification created for user: johndoe@example.com","service":"notification-service","timestamp":"2025-12-24 12:33:02"}
{"level":"info","message":"Processing event: user.email.verified","service":"notification-service","timestamp":"2025-12-24 12:34:00","user":"johndoe@example.com"}
{"level":"info","message":"Email verified for user: johndoe@example.com","service":"notification-service","timestamp":"2025-12-24 12:34:00"}
{"level":"info","message":"Processing event: user.login","service":"notification-service","timestamp":"2025-12-24 12:37:03","user":"johndoe@example.com"}
{"level":"info","message":"Login notification created for user: johndoe@example.com","service":"notification-service","timestamp":"2025-12-24 12:37:03"}
{"level":"info","message":"Processing event: user.signup","service":"notification-service","timestamp":"2025-12-24 12:39:55","user":"test@ex.com"}
{"level":"info","message":"Signup notification created for user: test@ex.com","service":"notification-service","timestamp":"2025-12-24 12:39:55"}
{"level":"info","message":"Processing event: user.email.verified","service":"notification-service","timestamp":"2025-12-24 12:41:13","user":"test@ex.com"}
{"level":"info","message":"Email verified for user: test@ex.com","service":"notification-service","timestamp":"2025-12-24 12:41:13"}
{"level":"info","message":"Processing event: user.signup","service":"notification-service","timestamp":"2025-12-24 12:45:42","user":"cat@gmail.com"}
{"level":"info","message":"Signup notification created for user: cat@gmail.com","service":"notification-service","timestamp":"2025-12-24 12:45:42"}
{"level":"info","message":"Processing event: user.email.verified","service":"notification-service","timestamp":"2025-12-24 12:46:17","user":"cat@gmail.com"}
{"level":"info","message":"Email verified for user: cat@gmail.com","service":"notification-service","timestamp":"2025-12-24 12:46:17"}
{"level":"info","message":"Processing event: user.login","service":"notification-service","timestamp":"2025-12-24 12:48:20","user":"cat@gmail.com"}
{"level":"info","message":"Login notification created for user: cat@gmail.com","service":"notification-service","timestamp":"2025-12-24 12:48:20"}
{"level":"info","message":"Processing event: user.signup","service":"notification-service","timestamp":"2025-12-24 14:02:04","user":"tiger@gmail.com"}
{"level":"info","message":"Signup notification created for user: tiger@gmail.com","service":"notification-service","timestamp":"2025-12-24 14:02:04"}
{"level":"info","message":"Processing event: user.signup","service":"notification-service","timestamp":"2025-12-24 14:06:42","user":"arman@gmail.com"}
{"cause":{},"level":"error","message":"Error handling signup notification: Connection terminated due to connection timeout","service":"notification-service","stack":"Error: Connection terminated due to connection timeout\n    at C:\\Users\\91809\\OneDrive\\Desktop\\STPI\\CO2 pluss\\backend\\notification-service\\node_modules\\pg-pool\\index.js:45:11\n    at process.processTicksAndRejections (node:internal/process/task_queues:105:5)\n    at async query (C:\\Users\\91809\\OneDrive\\Desktop\\STPI\\CO2 pluss\\backend\\notification-service\\src\\config\\database.js:40:17)\n    at async Notification.create (C:\\Users\\91809\\OneDrive\\Desktop\\STPI\\CO2 pluss\\backend\\notification-service\\src\\models\\Notification.js:25:20)\n    at async NotificationService.handleSignup (C:\\Users\\91809\\OneDrive\\Desktop\\STPI\\CO2 pluss\\backend\\notification-service\\src\\services\\notificationService.js:12:28)\n    at async EventService.processEvent (C:\\Users\\91809\\OneDrive\\Desktop\\STPI\\CO2 pluss\\backend\\notification-service\\src\\services\\eventService.js:14:11)\n    at async C:\\Users\\91809\\OneDrive\\Desktop\\STPI\\CO2 pluss\\backend\\notification-service\\src\\routes\\notificationRoutes.js:16:5","timestamp":"2025-12-24 14:07:16"}
{"cause":{},"level":"error","message":"Error processing event: Connection terminated due to connection timeout","service":"notification-service","stack":"Error: Connection terminated due to connection timeout\n    at C:\\Users\\91809\\OneDrive\\Desktop\\STPI\\CO2 pluss\\backend\\notification-service\\node_modules\\pg-pool\\index.js:45:11\n    at process.processTicksAndRejections (node:internal/process/task_queues:105:5)\n    at async query (C:\\Users\\91809\\OneDrive\\Desktop\\STPI\\CO2 pluss\\backend\\notification-service\\src\\config\\database.js:40:17)\n    at async Notification.create (C:\\Users\\91809\\OneDrive\\Desktop\\STPI\\CO2 pluss\\backend\\notification-service\\src\\models\\Notification.js:25:20)\n    at async NotificationService.handleSignup (C:\\Users\\91809\\OneDrive\\Desktop\\STPI\\CO2 pluss\\backend\\notification-service\\src\\services\\notificationService.js:12:28)\n    at async EventService.processEvent (C:\\Users\\91809\\OneDrive\\Desktop\\STPI\\CO2 pluss\\backend\\notification-service\\src\\services\\eventService.js:14:11)\n    at async C:\\Users\\91809\\OneDrive\\Desktop\\STPI\\CO2 pluss\\backend\\notification-service\\src\\routes\\notificationRoutes.js:16:5","timestamp":"2025-12-24 14:07:18"}
{"cause":{},"level":"error","message":"Error processing event: Connection terminated due to connection timeout","service":"notification-service","stack":"Error: Connection terminated due to connection timeout\n    at C:\\Users\\91809\\OneDrive\\Desktop\\STPI\\CO2 pluss\\backend\\notification-service\\node_modules\\pg-pool\\index.js:45:11\n    at process.processTicksAndRejections (node:internal/process/task_queues:105:5)\n    at async query (C:\\Users\\91809\\OneDrive\\Desktop\\STPI\\CO2 pluss\\backend\\notification-service\\src\\config\\database.js:40:17)\n    at async Notification.create (C:\\Users\\91809\\OneDrive\\Desktop\\STPI\\CO2 pluss\\backend\\notification-service\\src\\models\\Notification.js:25:20)\n    at async NotificationService.handleSignup (C:\\Users\\91809\\OneDrive\\Desktop\\STPI\\CO2 pluss\\backend\\notification-service\\src\\services\\notificationService.js:12:28)\n    at async EventService.processEvent (C:\\Users\\91809\\OneDrive\\Desktop\\STPI\\CO2 pluss\\backend\\notification-service\\src\\services\\eventService.js:14:11)\n    at async C:\\Users\\91809\\OneDrive\\Desktop\\STPI\\CO2 pluss\\backend\\notification-service\\src\\routes\\notificationRoutes.js:16:5","timestamp":"2025-12-24 14:07:20"}
{"level":"info","message":"Processing event: user.email.verified","service":"notification-service","timestamp":"2025-12-24 14:09:37","user":"arman@gmail.com"}
{"level":"info","message":"Email verified for user: arman@gmail.com","service":"notification-service","timestamp":"2025-12-24 14:09:37"}
{"level":"info","message":"Processing event: user.login.failed","service":"notification-service","timestamp":"2025-12-24 14:10:17","user":"arman@gmail.com"}
{"level":"warn","message":"Failed login attempt for: arman@gmail.com (Attempt: 1)","service":"notification-service","timestamp":"2025-12-24 14:10:18"}
{"level":"info","message":"Processing event: user.login.failed","service":"notification-service","timestamp":"2025-12-24 14:11:21","user":"arman@gmail.com"}
{"level":"warn","message":"Failed login attempt for: arman@gmail.com (Attempt: 2)","service":"notification-service","timestamp":"2025-12-24 14:11:21"}
{"level":"info","message":"Processing event: user.login.failed","service":"notification-service","timestamp":"2025-12-24 14:12:52","user":"arman@gmail.com"}
{"level":"warn","message":"Failed login attempt for: arman@gmail.com (Attempt: 3)","service":"notification-service","timestamp":"2025-12-24 14:12:52"}
